<?xml version="1.0" encoding="UTF-8"?>
<!-- Generated by org.testng.reporters.JUnitXMLReporter -->
<testsuite hostname="LIN51015122" ignored="0" tests="5" failures="0" timestamp="2021-12-29T15:12:52 IST" time="5.24" errors="0">
  <testcase name="testDelete" time="2.368" classname="APITests"/>
  <testcase name="testGet" time="0.679" classname="APITests"/>
  <testcase name="testPatch" time="0.648" classname="APITests"/>
  <testcase name="testPost" time="0.886" classname="APITests"/>
  <testcase name="testput" time="0.627" classname="APITests"/>
</testsuite>
