<?xml version="1.0" encoding="UTF-8"?>
<testng-results skipped="0" failed="0" ignored="0" total="5" passed="5">
  <reporter-output>
  </reporter-output>
  <suite name="Default Suite" duration-ms="5240" started-at="2021-12-29T15:12:47 IST" finished-at="2021-12-29T15:12:52 IST">
    <groups>
    </groups>
    <test name="RESTassuredDemo" duration-ms="5240" started-at="2021-12-29T15:12:47 IST" finished-at="2021-12-29T15:12:52 IST">
      <class name="APITests">
        <test-method status="PASS" signature="testDelete()[pri:0, instance:APITests@55f3ddb1]" name="testDelete" duration-ms="2368" started-at="2021-12-29T15:12:47 IST" finished-at="2021-12-29T15:12:49 IST">
          <reporter-output>
          </reporter-output>
        </test-method> <!-- testDelete -->
        <test-method status="PASS" signature="testGet()[pri:0, instance:APITests@55f3ddb1]" name="testGet" duration-ms="679" started-at="2021-12-29T15:12:49 IST" finished-at="2021-12-29T15:12:50 IST">
          <reporter-output>
          </reporter-output>
        </test-method> <!-- testGet -->
        <test-method status="PASS" signature="testPatch()[pri:0, instance:APITests@55f3ddb1]" name="testPatch" duration-ms="648" started-at="2021-12-29T15:12:50 IST" finished-at="2021-12-29T15:12:50 IST">
          <reporter-output>
          </reporter-output>
        </test-method> <!-- testPatch -->
        <test-method status="PASS" signature="testPost()[pri:0, instance:APITests@55f3ddb1]" name="testPost" duration-ms="886" started-at="2021-12-29T15:12:50 IST" finished-at="2021-12-29T15:12:51 IST">
          <reporter-output>
          </reporter-output>
        </test-method> <!-- testPost -->
        <test-method status="PASS" signature="testput()[pri:0, instance:APITests@55f3ddb1]" name="testput" duration-ms="627" started-at="2021-12-29T15:12:51 IST" finished-at="2021-12-29T15:12:52 IST">
          <reporter-output>
          </reporter-output>
        </test-method> <!-- testput -->
      </class> <!-- APITests -->
    </test> <!-- RESTassuredDemo -->
  </suite> <!-- Default Suite -->
</testng-results>
